[31mfatal[39m: Error al obtener cliente Cast to ObjectId failed for value "{ _id: '9983' }" (type Object) at path "_id" for model "client"
[31merror[39m: Error al obtener cliente Cast to ObjectId failed for value "{ _id: '9983' }" (type Object) at path "_id" for model "client"
[35merror[39m: Error al obtener cliente Cast to ObjectId failed for value "{ _id: '9983' }" (type Object) at path "_id" for model "client"
[35merror[39m: Error al crear el producto Cast to Number failed for value "NaN" (type number) at path "stock"
[35merror[39m: Error al crear el producto Cast to Number failed for value "NaN" (type number) at path "stock"
[35merror[39m: Error al crear el producto Cast to Number failed for value "NaN" (type number) at path "stock"
[35merror[39m: Error al obtener cliente logger.warn is not a function
[35merror[39m: Error al obtener cliente logger.warn is not a function
[35merror[39m: Error al crear el cliente logger.warn is not a function
[35merror[39m: Error al crear el cliente logger.warn is not a function
[35merror[39m: Error al crear la orden Cannot read properties of null (reading 'code')
[35merror[39m: Error al eliminar la orden result is not defined
[35merror[39m: Error al eliminar la orden result is not defined
[35merror[39m: Error al eliminar la orden result is not defined
[35merror[39m: Error al eliminar la orden result is not defined
[35merror[39m: Error al eliminar la orden result is not defined
[35merror[39m: Error al eliminar la orden result is not defined
[35merror[39m: Error al eliminar la orden Cast to ObjectId failed for value "{ _id: '67302d1d9b3a46522fa981a' }" (type Object) at path "_id" for model "order"
[35merror[39m: Error al eliminar la orden Cast to ObjectId failed for value "{ _id: '67302d1d9b3a46522fa981a' }" (type Object) at path "_id" for model "order"
[35merror[39m: Error al eliminar la orden Cast to ObjectId failed for value "{ _id: '67302d1d9b3a46522fa981a' }" (type Object) at path "_id" for model "order"
[35merror[39m: Error al eliminar la orden result is not defined
[35merror[39m: Error al eliminar la orden result is not defined
[35merror[39m: Error al eliminar la orden Cannot read properties of null (reading '_id')
[35merror[39m: Error al eliminar la orden Cannot read properties of null (reading '_id')
[35merror[39m: Error al eliminar la orden Cannot read properties of null (reading '_id')
[35merror[39m: Error al eliminar la orden Cannot read properties of null (reading '_id')
[35merror[39m: Error al eliminar la orden Cannot read properties of null (reading '_id')
[35merror[39m: Error al eliminar la orden Cannot read properties of null (reading '_id')
[35merror[39m: Error al eliminar la orden Cannot read properties of null (reading '_id')
[35merror[39m: Error al eliminar la orden Cannot read properties of null (reading '_id')
[35merror[39m: Error al eliminar la orden Cannot read properties of null (reading '_id')
[35merror[39m: Error al eliminar la orden Cannot read properties of null (reading '_id')
[35merror[39m: Error al eliminar la orden Cannot read properties of null (reading '_id')
[35merror[39m: Error al eliminar la orden Cannot read properties of null (reading '_id')
[35merror[39m: Error al eliminar la orden Cannot read properties of null (reading '_id')
[35merror[39m: Error al eliminar la orden result is not defined
[35merror[39m: Error al eliminar la orden result is not defined
[35merror[39m: Error al crear el cliente validateCreateClient is not a function
[35merror[39m: Error al crear el cliente validate.isEmpty is not a function
[35merror[39m: Error al crear el cliente errors is not defined
[35merror[39m: Error al crear el cliente validate.array is not a function
[35merror[39m: Error al crear el cliente cuil.lenght is not a function
[35merror[39m: Error al crear el cliente cuil.length is not a function
[35merror[39m: Error al eliminar el producto Cast to ObjectId failed for value "undefined" (type string) at path "_id" for model "product"
[35merror[39m: Error al eliminar el producto Cast to ObjectId failed for value "undefined" (type string) at path "_id" for model "product"
[35merror[39m: Error al eliminar el producto Cast to ObjectId failed for value "undefined" (type string) at path "_id" for model "product"
[35merror[39m: Error al eliminar el producto Cast to ObjectId failed for value "[object CustomEvent]" (type string) at path "_id" for model "product"
[35merror[39m: Error al eliminar el producto Cast to ObjectId failed for value "[object CustomEvent]" (type string) at path "_id" for model "product"
[35merror[39m: Error al eliminar el producto Cast to ObjectId failed for value "[object Object]" (type string) at path "_id" for model "product"
